2013/04/17 15:52:30|ISIM-415-2|56.2152|57.1174||-71|Korjik&Pechenka|46.5095|55.9016||-44|63.0|0.0|63.0|0.0|63.0|0.0|
2013/04/17 15:52:32|ISIM-415-2|56.2152|57.1174||-71|Korjik&Pechenka|46.5095|55.9016||-44|63.0|0.0|63.0|0.0|63.0|0.0|
2013/04/17 15:52:34|ISIM-415-2|56.2152|57.1174||-61|Korjik&Pechenka|46.5095|55.9016||-43|63.0|0.0|63.0|0.0|63.0|0.0|
2013/04/17 15:52:36|ISIM-415-2|56.2152|57.1174||-61|Korjik&Pechenka|46.5095|55.9016||-43|63.0|0.0|63.0|0.0|63.0|0.0|
2013/04/17 15:52:38|ISIM-415-2|56.2152|57.1174||-69|Korjik&Pechenka|46.5095|55.9016||-54|63.0|0.0|63.0|0.0|63.0|0.0|
2013/04/17 15:52:40|ISIM-415-2|56.2152|57.1174||-69|Korjik&Pechenka|46.5095|55.9016||-54|63.0|0.0|63.0|0.0|63.0|0.0|
2013/04/17 15:52:42|ISIM-415-2|56.2152|57.1174||-67|Korjik&Pechenka|46.5095|55.9016||-50|63.0|0.0|63.0|0.0|63.0|0.0|
2013/04/17 15:52:44|ISIM-415-2|56.2152|57.1174||-67|Korjik&Pechenka|46.5095|55.9016||-50|63.0|0.0|63.0|0.0|63.0|0.0|
2013/04/17 15:52:46|ISIM-415-2|56.2152|57.1174||-65|Korjik&Pechenka|46.5095|55.9016||-44|63.0|0.0|63.0|0.0|63.0|0.0|
2013/04/17 15:52:48|ISIM-415-2|56.2152|57.1174||-65|Korjik&Pechenka|46.5095|55.9016||-44|63.0|0.0|63.0|0.0|63.0|0.0|
2013/04/17 15:52:50|ISIM-415-2|56.2152|57.1174||-59|Korjik&Pechenka|46.5095|55.9016||-63|63.0|39.0|63.0|45.0|63.0|45.0|
2013/04/17 15:52:52|ISIM-415-2|56.2152|57.1174||-59|Korjik&Pechenka|46.5095|55.9016||-63|63.0|39.0|63.0|45.0|63.0|45.0|
2013/04/17 15:52:54|ISIM-415-2|56.2152|57.1174||-50|Korjik&Pechenka|46.5095|55.9016||-64|63.0|51.0|63.0|57.0|63.0|57.0|
2013/04/17 15:52:56|ISIM-415-2|56.2152|57.1174||-50|Korjik&Pechenka|46.5095|55.9016||-64|63.0|51.0|63.0|57.0|63.0|57.0|
2013/04/17 15:52:58|ISIM-415-2|56.2152|57.1174||-50|Korjik&Pechenka|46.5095|55.9016||-64|63.0|51.0|63.0|57.0|63.0|57.0|
2013/04/17 15:53:00|ISIM-415-2|56.2152|57.1174||-50|Korjik&Pechenka|46.5095|55.9016||-64|63.0|51.0|63.0|57.0|63.0|57.0|
2013/04/17 15:53:02|ISIM-415-2|56.2152|57.1174||-48|Korjik&Pechenka|46.5095|55.9016||-72|63.0|57.0|63.0|57.0|63.0|57.0|
2013/04/17 15:53:04|ISIM-415-2|56.2152|57.1174||-48|Korjik&Pechenka|46.5095|55.9016||-72|63.0|57.0|63.0|57.0|63.0|57.0|
2013/04/17 15:53:06|ISIM-415-2|56.2152|57.1174||-61|Korjik&Pechenka|46.5095|55.9016||-66|63.0|41.0|63.0|47.0|63.0|47.0|
2013/04/17 15:53:08|ISIM-415-2|56.2152|57.1174||-61|Korjik&Pechenka|46.5095|55.9016||-66|63.0|41.0|63.0|47.0|63.0|47.0|
2013/04/17 15:53:10|ISIM-415-2|56.2152|57.1174||-57|Korjik&Pechenka|46.5095|55.9016||-60|63.0|37.0|63.0|43.0|63.0|43.0|
2013/04/17 15:53:12|ISIM-415-2|56.2152|57.1174||-57|Korjik&Pechenka|46.5095|55.9016||-60|63.0|37.0|63.0|43.0|63.0|43.0|
2013/04/17 15:53:14|ISIM-415-2|56.2152|57.1174||-57|Korjik&Pechenka|46.5095|55.9016||-52|63.0|0.0|63.0|0.0|63.0|0.0|
2013/04/17 15:53:16|ISIM-415-2|56.2152|57.1174||-57|Korjik&Pechenka|46.5095|55.9016||-52|63.0|0.0|63.0|0.0|63.0|0.0|
2013/04/17 15:53:18|Korjik&Pechenka|46.5095|55.9016||-53|63.0|0.0|63.0|0.0|63.0|0.0|
2013/04/17 15:53:20|Korjik&Pechenka|46.5095|55.9016||-53|63.0|0.0|63.0|0.0|63.0|0.0|
