11.04.2013 15:52	ISIM-415-2	56.2152	57.1174	-58	Korjik&Pechenka	46.5095	55.9016	-63	63.0	0.0	63.0	0.0	63.0	57.0
11.04.2013 15:52	ISIM-415-2	56.2152	57.1174	-40	Korjik&Pechenka	46.5095	55.9016	-58	63.0	0.0	63.0	0.0	63.0	57.0
11.04.2013 15:52	ISIM-415-2	56.2152	57.1174	-40	Korjik&Pechenka	46.5095	55.9016	-58	63.0	0.0	63.0	0.0	63.0	57.0
11.04.2013 15:52	ISIM-415-2	56.2152	57.1174	-55	Korjik&Pechenka	46.5095	55.9016	-58	63.0	0.0	63.0	0.0	63.0	57.0
11.04.2013 15:52	ISIM-415-2	56.2152	57.1174	-55	Korjik&Pechenka	46.5095	55.9016	-58	63.0	0.0	63.0	0.0	63.0	57.0
11.04.2013 15:52	ISIM-415-2	56.2152	57.1174	-74	Korjik&Pechenka	46.5095	55.9016	-53	63.0	0.0	63.0	0.0	63.0	57.0
11.04.2013 15:52	ISIM-415-2	56.2152	57.1174	-74	Korjik&Pechenka	46.5095	55.9016	-53	63.0	0.0	63.0	0.0	63.0	57.0
11.04.2013 15:52	ISIM-415-2	56.2152	57.1174	-67	Korjik&Pechenka	46.5095	55.9016	-44	63.0	0.0	63.0	0.0	63.0	57.0
11.04.2013 15:53	ISIM-415-2	56.2152	57.1174	-67	Korjik&Pechenka	46.5095	55.9016	-44	63.0	0.0	63.0	0.0	63.0	57.0
11.04.2013 15:57	ISIM-415-2	56.2152	57.1174	-62	Korjik&Pechenka	46.5095	55.9016	-75	63.0	0.0	63.0	0.0	63.0	57.0
11.04.2013 15:57	ISIM-415-2	56.2152	57.1174	-62	Korjik&Pechenka	46.5095	55.9016	-75	63.0	0.0	63.0	0.0	63.0	57.0
11.04.2013 15:57	ISIM-415-2	56.2152	57.1174	-68	Korjik&Pechenka	46.5095	55.9016	-56	63.0	0.0	63.0	0.0	63.0	57.0
11.04.2013 15:57	ISIM-415-2	56.2152	57.1174	-68	Korjik&Pechenka	46.5095	55.9016	-56	63.0	0.0	63.0	0.0	63.0	57.0
11.04.2013 15:57	ISIM-415-2	56.2152	57.1174	-73	Korjik&Pechenka	46.5095	55.9016	-59	63.0	0.0	63.0	0.0	63.0	57.0
11.04.2013 15:58	ISIM-415-2	56.2152	57.1174	-73	Korjik&Pechenka	46.5095	55.9016	-59	63.0	0.0	63.0	0.0	63.0	57.0
11.04.2013 15:58	ISIM-415-2	56.2152	57.1174	-70	Korjik&Pechenka	46.5095	55.9016	-55	63.0	0.0	63.0	0.0	63.0	57.0
11.04.2013 15:58	ISIM-415-2	56.2152	57.1174	-70	Korjik&Pechenka	46.5095	55.9016	-55	63.0	0.0	63.0	0.0	63.0	57.0
11.04.2013 15:58	ISIM-415-2	56.2152	57.1174	-57	Korjik&Pechenka	46.5095	55.9016	-54	63.0	0.0	63.0	0.0	63.0	57.0
11.04.2013 15:58	ISIM-415-2	56.2152	57.1174	-57	Korjik&Pechenka	46.5095	55.9016	-54	63.0	0.0	63.0	0.0	63.0	57.0
11.04.2013 15:58	ISIM-415-2	56.2152	57.1174	-65	Korjik&Pechenka	46.5095	55.9016	-73	63.0	0.0	63.0	0.0	63.0	57.0
11.04.2013 15:58	ISIM-415-2	56.2152	57.1174	-65	Korjik&Pechenka	46.5095	55.9016	-73	63.0	0.0	63.0	0.0	63.0	57.0
11.04.2013 15:58	ISIM-415-2	56.2152	57.1174	-76	Korjik&Pechenka	46.5095	55.9016	-86	63.0	0.0	63.0	0.0	63.0	57.0
11.04.2013 15:58	ISIM-415-2	56.2152	57.1174	-76	Korjik&Pechenka	46.5095	55.9016	-86	63.0	0.0	63.0	0.0	63.0	57.0
11.04.2013 15:58	ISIM-415-2	56.2152	57.1174	-76	Korjik&Pechenka	46.5095	55.9016	-86	63.0	0.0	63.0	0.0	63.0	57.0
11.04.2013 15:58	ISIM-415-2	56.2152	57.1174	-79	Korjik&Pechenka	46.5095	55.9016	-86	63.0	0.0	63.0	0.0	63.0	57.0
11.04.2013 15:59	ISIM-415-2	56.2152	57.1174	-59	Korjik&Pechenka	46.5095	55.9016	-69	63.0	0.0	63.0	0.0	63.0	57.0
11.04.2013 16:01	ISIM-415-2	56.2152	57.1174	-61	Korjik&Pechenka	46.5095	55.9016	-70	63.0	0.0	63.0	0.0	63.0	57.0
11.04.2013 16:01	ISIM-415-2	56.2152	57.1174	-61	Korjik&Pechenka	46.5095	55.9016	-70	63.0	0.0	63.0	0.0	63.0	57.0
11.04.2013 16:01	ISIM-415-2	56.2152	57.1174	-65	Korjik&Pechenka	46.5095	55.9016	-52	63.0	0.0	63.0	0.0	63.0	57.0
11.04.2013 16:01	ISIM-415-2	56.2152	57.1174	-65	Korjik&Pechenka	46.5095	55.9016	-52	63.0	0.0	63.0	0.0	63.0	57.0
11.04.2013 16:01	ISIM-415-2	56.2152	57.1174	-78	Korjik&Pechenka	46.5095	55.9016	-67	63.0	0.0	63.0	0.0	63.0	57.0
11.04.2013 16:02	ISIM-415-2	56.2152	57.1174	-78	Korjik&Pechenka	46.5095	55.9016	-67	63.0	0.0	63.0	0.0	63.0	57.0
11.04.2013 16:02	ISIM-415-2	56.2152	57.1174	-80	Korjik&Pechenka	46.5095	55.9016	-61	63.0	0.0	63.0	0.0	63.0	57.0
11.04.2013 16:02	ISIM-415-2	56.2152	57.1174	-80	Korjik&Pechenka	46.5095	55.9016	-61	63.0	0.0	63.0	0.0	63.0	57.0
11.04.2013 16:02	ISIM-415-2	56.2152	57.1174	-65	Korjik&Pechenka	46.5095	55.9016	-53	63.0	0.0	63.0	0.0	63.0	57.0
11.04.2013 16:02	ISIM-415-2	56.2152	57.1174	-65	Korjik&Pechenka	46.5095	55.9016	-53	63.0	0.0	63.0	0.0	63.0	57.0
11.04.2013 16:02	ISIM-415-2	56.2152	57.1174	-65	Korjik&Pechenka	46.5095	55.9016	-79	63.0	0.0	63.0	0.0	63.0	57.0
11.04.2013 16:10	ISIM-415-2	56.2152	57.1174	-61	Korjik&Pechenka	46.5095	55.9016	-68	63.0	0.0	63.0	0.0	63.0	57.0
11.04.2013 16:10	ISIM-415-2	56.2152	57.1174	-61	Korjik&Pechenka	46.5095	55.9016	-68	63.0	0.0	63.0	0.0	63.0	57.0
11.04.2013 16:10	ISIM-415-2	56.2152	57.1174	-62	Korjik&Pechenka	46.5095	55.9016	-68	63.0	0.0	63.0	0.0	63.0	57.0
11.04.2013 16:10	ISIM-415-2	56.2152	57.1174	-62	Korjik&Pechenka	46.5095	55.9016	-68	63.0	0.0	63.0	0.0	63.0	57.0
11.04.2013 16:10	ISIM-415-2	56.2152	57.1174	-52	Korjik&Pechenka	46.5095	55.9016	-73	63.0	0.0	63.0	0.0	63.0	57.0
11.04.2013 16:10	ISIM-415-2	56.2152	57.1174	-52	Korjik&Pechenka	46.5095	55.9016	-73	63.0	0.0	63.0	0.0	63.0	57.0
11.04.2013 16:10	ISIM-415-2	56.2152	57.1174	-44	Korjik&Pechenka	46.5095	55.9016	-70	63.0	0.0	63.0	0.0	63.0	57.0
11.04.2013 16:10	ISIM-415-2	56.2152	57.1174	-44	Korjik&Pechenka	46.5095	55.9016	-70	63.0	0.0	63.0	0.0	63.0	57.0
11.04.2013 16:11	ISIM-415-2	56.2152	57.1174	-55	Korjik&Pechenka	46.5095	55.9016	-64	63.0	0.0	63.0	0.0	63.0	57.0
11.04.2013 16:11	ISIM-415-2	56.2152	57.1174	-55	Korjik&Pechenka	46.5095	55.9016	-64	63.0	0.0	63.0	0.0	63.0	57.0
11.04.2013 16:11	ISIM-415-2	56.2152	57.1174	-49	Korjik&Pechenka	46.5095	55.9016	-60	63.0	0.0	63.0	0.0	63.0	57.0
11.04.2013 16:11	ISIM-415-2	56.2152	57.1174	-49	Korjik&Pechenka	46.5095	55.9016	-60	63.0	0.0	63.0	0.0	63.0	57.0
11.04.2013 16:11	ISIM-415-2	56.2152	57.1174	-51	Korjik&Pechenka	46.5095	55.9016	-66	63.0	0.0	63.0	0.0	63.0	57.0
